Performing C SOURCE FILE Test CMAKE_HAVE_LIBC_PTHREAD failed with the following output:
Change Dir: /home/sjl/CCode/Coding/Mytest/helloworld/cmake-build-debug/CMakeFiles/CMakeTmp

Run Build Command(s):/usr/bin/make cmTC_2b291/fast && /usr/bin/make  -f CMakeFiles/cmTC_2b291.dir/build.make CMakeFiles/cmTC_2b291.dir/build
make[1]: Entering directory '/home/sjl/CCode/Coding/Mytest/helloworld/cmake-build-debug/CMakeFiles/CMakeTmp'
Building C object CMakeFiles/cmTC_2b291.dir/src.c.o
/usr/bin/cc   -DCMAKE_HAVE_LIBC_PTHREAD   -o CMakeFiles/cmTC_2b291.dir/src.c.o   -c /home/sjl/CCode/Coding/Mytest/helloworld/cmake-build-debug/CMakeFiles/CMakeTmp/src.c
Linking C executable cmTC_2b291
/home/sjl/.local/share/JetBrains/Toolbox/apps/CLion/ch-0/202.8194.17/bin/cmake/linux/bin/cmake -E cmake_link_script CMakeFiles/cmTC_2b291.dir/link.txt --verbose=1
/usr/bin/cc  -DCMAKE_HAVE_LIBC_PTHREAD    CMakeFiles/cmTC_2b291.dir/src.c.o  -o cmTC_2b291 
CMakeFiles/cmTC_2b291.dir/src.c.o：在函数‘main’中：
src.c:(.text+0x3c)：对‘pthread_create’未定义的引用
src.c:(.text+0x48)：对‘pthread_detach’未定义的引用
src.c:(.text+0x54)：对‘pthread_cancel’未定义的引用
src.c:(.text+0x65)：对‘pthread_join’未定义的引用
src.c:(.text+0x79)：对‘pthread_atfork’未定义的引用
collect2: error: ld returned 1 exit status
CMakeFiles/cmTC_2b291.dir/build.make:106: recipe for target 'cmTC_2b291' failed
make[1]: *** [cmTC_2b291] Error 1
make[1]: Leaving directory '/home/sjl/CCode/Coding/Mytest/helloworld/cmake-build-debug/CMakeFiles/CMakeTmp'
Makefile:141: recipe for target 'cmTC_2b291/fast' failed
make: *** [cmTC_2b291/fast] Error 2


Source file was:
#include <pthread.h>

void* test_func(void* data)
{
  return data;
}

int main(void)
{
  pthread_t thread;
  pthread_create(&thread, NULL, test_func, NULL);
  pthread_detach(thread);
  pthread_cancel(thread);
  pthread_join(thread, NULL);
  pthread_atfork(NULL, NULL, NULL);
  pthread_exit(NULL);

  return 0;
}

Determining if the function pthread_create exists in the pthreads failed with the following output:
Change Dir: /home/sjl/CCode/Coding/Mytest/helloworld/cmake-build-debug/CMakeFiles/CMakeTmp

Run Build Command(s):/usr/bin/make cmTC_b285f/fast && /usr/bin/make  -f CMakeFiles/cmTC_b285f.dir/build.make CMakeFiles/cmTC_b285f.dir/build
make[1]: Entering directory '/home/sjl/CCode/Coding/Mytest/helloworld/cmake-build-debug/CMakeFiles/CMakeTmp'
Building C object CMakeFiles/cmTC_b285f.dir/CheckFunctionExists.c.o
/usr/bin/cc   -DCHECK_FUNCTION_EXISTS=pthread_create   -o CMakeFiles/cmTC_b285f.dir/CheckFunctionExists.c.o   -c /home/sjl/.local/share/JetBrains/Toolbox/apps/CLion/ch-0/202.8194.17/bin/cmake/linux/share/cmake-3.17/Modules/CheckFunctionExists.c
Linking C executable cmTC_b285f
/home/sjl/.local/share/JetBrains/Toolbox/apps/CLion/ch-0/202.8194.17/bin/cmake/linux/bin/cmake -E cmake_link_script CMakeFiles/cmTC_b285f.dir/link.txt --verbose=1
/usr/bin/cc  -DCHECK_FUNCTION_EXISTS=pthread_create    CMakeFiles/cmTC_b285f.dir/CheckFunctionExists.c.o  -o cmTC_b285f  -lpthreads 
/usr/bin/ld: 找不到 -lpthreads
collect2: error: ld returned 1 exit status
CMakeFiles/cmTC_b285f.dir/build.make:106: recipe for target 'cmTC_b285f' failed
make[1]: *** [cmTC_b285f] Error 1
make[1]: Leaving directory '/home/sjl/CCode/Coding/Mytest/helloworld/cmake-build-debug/CMakeFiles/CMakeTmp'
Makefile:141: recipe for target 'cmTC_b285f/fast' failed
make: *** [cmTC_b285f/fast] Error 2



