Determining if the pthread_create exist failed with the following output:
Change Dir: /home/sjl/CCode/grpc/examples/cpp/helloworld/build/CMakeFiles/CMakeTmp

Run Build Command(s):/usr/bin/make cmTC_c341a/fast 
/usr/bin/make -f CMakeFiles/cmTC_c341a.dir/build.make CMakeFiles/cmTC_c341a.dir/build
make[1]: Entering directory '/home/sjl/CCode/grpc/examples/cpp/helloworld/build/CMakeFiles/CMakeTmp'
Building C object CMakeFiles/cmTC_c341a.dir/CheckSymbolExists.c.o
/usr/bin/cc    -o CMakeFiles/cmTC_c341a.dir/CheckSymbolExists.c.o   -c /home/sjl/CCode/grpc/examples/cpp/helloworld/build/CMakeFiles/CMakeTmp/CheckSymbolExists.c
Linking C executable cmTC_c341a
/usr/local/bin/cmake -E cmake_link_script CMakeFiles/cmTC_c341a.dir/link.txt --verbose=1
/usr/bin/cc      CMakeFiles/cmTC_c341a.dir/CheckSymbolExists.c.o  -o cmTC_c341a 
CMakeFiles/cmTC_c341a.dir/CheckSymbolExists.c.o：在函数‘main’中：
CheckSymbolExists.c:(.text+0x16)：对‘pthread_create’未定义的引用
collect2: error: ld returned 1 exit status
CMakeFiles/cmTC_c341a.dir/build.make:86: recipe for target 'cmTC_c341a' failed
make[1]: *** [cmTC_c341a] Error 1
make[1]: Leaving directory '/home/sjl/CCode/grpc/examples/cpp/helloworld/build/CMakeFiles/CMakeTmp'
Makefile:121: recipe for target 'cmTC_c341a/fast' failed
make: *** [cmTC_c341a/fast] Error 2

File /home/sjl/CCode/grpc/examples/cpp/helloworld/build/CMakeFiles/CMakeTmp/CheckSymbolExists.c:
/* */
#include <pthread.h>

int main(int argc, char** argv)
{
  (void)argv;
#ifndef pthread_create
  return ((int*)(&pthread_create))[argc];
#else
  (void)argc;
  return 0;
#endif
}

Determining if the function pthread_create exists in the pthreads failed with the following output:
Change Dir: /home/sjl/CCode/grpc/examples/cpp/helloworld/build/CMakeFiles/CMakeTmp

Run Build Command(s):/usr/bin/make cmTC_3b35c/fast 
/usr/bin/make -f CMakeFiles/cmTC_3b35c.dir/build.make CMakeFiles/cmTC_3b35c.dir/build
make[1]: Entering directory '/home/sjl/CCode/grpc/examples/cpp/helloworld/build/CMakeFiles/CMakeTmp'
Building C object CMakeFiles/cmTC_3b35c.dir/CheckFunctionExists.c.o
/usr/bin/cc   -DCHECK_FUNCTION_EXISTS=pthread_create   -o CMakeFiles/cmTC_3b35c.dir/CheckFunctionExists.c.o   -c /usr/local/share/cmake-3.14/Modules/CheckFunctionExists.c
Linking C executable cmTC_3b35c
/usr/local/bin/cmake -E cmake_link_script CMakeFiles/cmTC_3b35c.dir/link.txt --verbose=1
/usr/bin/cc  -DCHECK_FUNCTION_EXISTS=pthread_create    CMakeFiles/cmTC_3b35c.dir/CheckFunctionExists.c.o  -o cmTC_3b35c -lpthreads 
/usr/bin/ld: 找不到 -lpthreads
collect2: error: ld returned 1 exit status
CMakeFiles/cmTC_3b35c.dir/build.make:86: recipe for target 'cmTC_3b35c' failed
make[1]: *** [cmTC_3b35c] Error 1
make[1]: Leaving directory '/home/sjl/CCode/grpc/examples/cpp/helloworld/build/CMakeFiles/CMakeTmp'
Makefile:121: recipe for target 'cmTC_3b35c/fast' failed
make: *** [cmTC_3b35c/fast] Error 2


